2021-04-10 15:13:19,843 INFO c.u.p.ProjectinterviewubsApplication [main] Starting ProjectinterviewubsApplication using Java 15.0.2 on matias-Inspiron-3442 with PID 5157 (/home/matias/Documents/workspace-spring-tool-suite-4-4.10.0.RELEASE/projectinterviewubs/target/classes started by matias in /home/matias/Documents/workspace-spring-tool-suite-4-4.10.0.RELEASE/projectinterviewubs)
2021-04-10 15:13:19,849 INFO c.u.p.ProjectinterviewubsApplication [main] No active profile set, falling back to default profiles: default
2021-04-10 15:13:21,577 INFO o.s.c.a.ConfigurationClassEnhancer [main] @Bean method propsConfig.config is non-static and returns an object assignable to Spring's BeanFactoryPostProcessor interface. This will result in a failure to process annotations such as @Autowired, @Resource and @PostConstruct within the method's declaring @Configuration class. Add the 'static' modifier to this method to avoid these container lifecycle issues; see @Bean javadoc for complete details.
2021-04-10 15:13:21,976 INFO c.z.h.HikariDataSource [main] HikariPool-1 - Starting...
2021-04-10 15:13:23,078 INFO c.z.h.HikariDataSource [main] HikariPool-1 - Start completed.
2021-04-10 15:13:23,444 INFO o.s.b.c.r.s.JobRepositoryFactoryBean [main] No database type set, using meta data indicating: MYSQL
2021-04-10 15:13:23,709 INFO o.s.b.c.l.s.SimpleJobLauncher [main] No TaskExecutor has been set, defaulting to synchronous executor.
2021-04-10 15:13:23,844 INFO c.u.p.ProjectinterviewubsApplication [main] Started ProjectinterviewubsApplication in 4.908 seconds (JVM running for 7.493)
2021-04-10 15:13:24,119 INFO o.s.b.c.l.s.SimpleJobLauncher [main] Job: [SimpleJob: [name=imprimeOlaJob]] launched with the following parameters: [{}]
2021-04-10 15:13:24,195 INFO o.s.b.c.j.SimpleStepHandler [main] Step already complete or not restartable, so no action to execute: StepExecution: id=1, version=3, name=imprimeOlaStep, status=COMPLETED, exitStatus=COMPLETED, readCount=0, filterCount=0, writeCount=0 readSkipCount=0, writeSkipCount=0, processSkipCount=0, commitCount=1, rollbackCount=0, exitDescription=
2021-04-10 15:13:24,228 INFO o.s.b.c.l.s.SimpleJobLauncher [main] Job: [SimpleJob: [name=imprimeOlaJob]] completed with the following parameters: [{}] and the following status: [COMPLETED] in 50ms
2021-04-10 15:13:24,244 INFO c.z.h.HikariDataSource [SpringContextShutdownHook] HikariPool-1 - Shutdown initiated...
2021-04-10 15:13:24,255 INFO c.z.h.HikariDataSource [SpringContextShutdownHook] HikariPool-1 - Shutdown completed.
2021-04-10 15:24:35,706 INFO c.u.p.ProjectinterviewubsApplication [main] Starting ProjectinterviewubsApplication using Java 15.0.2 on matias-Inspiron-3442 with PID 5987 (/home/matias/Documents/workspace-spring-tool-suite-4-4.10.0.RELEASE/projectinterviewubs/target/classes started by matias in /home/matias/Documents/workspace-spring-tool-suite-4-4.10.0.RELEASE/projectinterviewubs)
2021-04-10 15:24:35,715 INFO c.u.p.ProjectinterviewubsApplication [main] No active profile set, falling back to default profiles: default
2021-04-10 15:24:36,788 INFO o.s.c.a.ConfigurationClassEnhancer [main] @Bean method propsConfig.config is non-static and returns an object assignable to Spring's BeanFactoryPostProcessor interface. This will result in a failure to process annotations such as @Autowired, @Resource and @PostConstruct within the method's declaring @Configuration class. Add the 'static' modifier to this method to avoid these container lifecycle issues; see @Bean javadoc for complete details.
2021-04-10 15:24:37,324 INFO c.z.h.HikariDataSource [main] HikariPool-1 - Starting...
2021-04-10 15:24:38,304 INFO c.z.h.HikariDataSource [main] HikariPool-1 - Start completed.
2021-04-10 15:24:38,529 INFO o.s.b.c.r.s.JobRepositoryFactoryBean [main] No database type set, using meta data indicating: MYSQL
2021-04-10 15:24:38,986 INFO o.s.b.c.l.s.SimpleJobLauncher [main] No TaskExecutor has been set, defaulting to synchronous executor.
2021-04-10 15:24:39,237 INFO c.u.p.ProjectinterviewubsApplication [main] Started ProjectinterviewubsApplication in 4.471 seconds (JVM running for 7.421)
2021-04-10 15:24:39,597 INFO o.s.b.c.l.s.SimpleJobLauncher [main] Job: [SimpleJob: [name=imprimeOlaJob]] launched with the following parameters: [{}]
2021-04-10 15:24:39,849 INFO o.s.b.c.j.SimpleStepHandler [main] Step already complete or not restartable, so no action to execute: StepExecution: id=1, version=3, name=imprimeOlaStep, status=COMPLETED, exitStatus=COMPLETED, readCount=0, filterCount=0, writeCount=0 readSkipCount=0, writeSkipCount=0, processSkipCount=0, commitCount=1, rollbackCount=0, exitDescription=
2021-04-10 15:24:39,929 INFO o.s.b.c.l.s.SimpleJobLauncher [main] Job: [SimpleJob: [name=imprimeOlaJob]] completed with the following parameters: [{}] and the following status: [COMPLETED] in 129ms
2021-04-10 15:24:39,988 INFO c.z.h.HikariDataSource [SpringContextShutdownHook] HikariPool-1 - Shutdown initiated...
2021-04-10 15:24:39,994 INFO c.z.h.HikariDataSource [SpringContextShutdownHook] HikariPool-1 - Shutdown completed.
2021-04-10 16:47:25,088 INFO c.u.p.ProjectinterviewubsApplication [main] Starting ProjectinterviewubsApplication using Java 15.0.2 on matias-Inspiron-3442 with PID 11530 (/home/matias/Documentos/developer/projetos-pessoais/project-interview-ubs/projectinterviewubs/target/classes started by matias in /home/matias/Documentos/developer/projetos-pessoais/project-interview-ubs/projectinterviewubs)
2021-04-10 16:47:25,093 INFO c.u.p.ProjectinterviewubsApplication [main] No active profile set, falling back to default profiles: default
2021-04-10 16:47:25,976 INFO o.s.c.a.ConfigurationClassEnhancer [main] @Bean method propsConfig.config is non-static and returns an object assignable to Spring's BeanFactoryPostProcessor interface. This will result in a failure to process annotations such as @Autowired, @Resource and @PostConstruct within the method's declaring @Configuration class. Add the 'static' modifier to this method to avoid these container lifecycle issues; see @Bean javadoc for complete details.
2021-04-10 16:47:26,348 INFO c.z.h.HikariDataSource [main] HikariPool-1 - Starting...
2021-04-10 16:47:26,911 INFO c.z.h.HikariDataSource [main] HikariPool-1 - Start completed.
2021-04-10 16:47:27,090 INFO o.s.b.c.r.s.JobRepositoryFactoryBean [main] No database type set, using meta data indicating: MYSQL
2021-04-10 16:47:27,404 INFO o.s.b.c.l.s.SimpleJobLauncher [main] No TaskExecutor has been set, defaulting to synchronous executor.
2021-04-10 16:47:27,569 INFO c.u.p.ProjectinterviewubsApplication [main] Started ProjectinterviewubsApplication in 3.067 seconds (JVM running for 4.514)
2021-04-10 16:47:27,789 INFO o.s.b.c.l.s.SimpleJobLauncher [main] Job: [SimpleJob: [name=imprimeOlaJob]] launched with the following parameters: [{}]
2021-04-10 16:47:27,861 INFO o.s.b.c.j.SimpleStepHandler [main] Step already complete or not restartable, so no action to execute: StepExecution: id=1, version=3, name=imprimeOlaStep, status=COMPLETED, exitStatus=COMPLETED, readCount=0, filterCount=0, writeCount=0 readSkipCount=0, writeSkipCount=0, processSkipCount=0, commitCount=1, rollbackCount=0, exitDescription=
2021-04-10 16:47:27,884 INFO o.s.b.c.l.s.SimpleJobLauncher [main] Job: [SimpleJob: [name=imprimeOlaJob]] completed with the following parameters: [{}] and the following status: [COMPLETED] in 49ms
2021-04-10 16:47:27,891 INFO c.z.h.HikariDataSource [SpringContextShutdownHook] HikariPool-1 - Shutdown initiated...
2021-04-10 16:47:27,909 INFO c.z.h.HikariDataSource [SpringContextShutdownHook] HikariPool-1 - Shutdown completed.
